Using pre-set license
Built from '2021.3/staging' branch; Version is '2021.3.24f1 (cf10dcf7010d) revision 13570268'; Using compiler version '192829333'; Build Type 'Release'
OS: 'Windows 10  (10.0.19045) 64bit Professional' Language: 'ru' Physical Memory: 16252 MB
BatchMode: 1, IsHumanControllingUs: 0, StartBugReporterOnCrash: 0, Is64bit: 1, IsPro: 1

COMMAND LINE ARGUMENTS:
D:\Unity\2021.3.24f1\Editor\Unity.exe
-adb2
-batchMode
-noUpm
-name
AssetImportWorker1
-projectPath
C:/Users/stalk/OneDrive/Рабочий стол/hover-racer-training-master
-logFile
Logs/AssetImportWorker1.log
-srvPort
62816
Successfully changed project path to: C:/Users/stalk/OneDrive/Рабочий стол/hover-racer-training-master
C:/Users/stalk/OneDrive/Рабочий стол/hover-racer-training-master
[UnityMemory] Configuration Parameters - Can be set up in boot.config
    "memorysetup-bucket-allocator-granularity=16"
    "memorysetup-bucket-allocator-bucket-count=8"
    "memorysetup-bucket-allocator-block-size=33554432"
    "memorysetup-bucket-allocator-block-count=8"
    "memorysetup-main-allocator-block-size=16777216"
    "memorysetup-thread-allocator-block-size=16777216"
    "memorysetup-gfx-main-allocator-block-size=16777216"
    "memorysetup-gfx-thread-allocator-block-size=16777216"
    "memorysetup-cache-allocator-block-size=4194304"
    "memorysetup-typetree-allocator-block-size=2097152"
    "memorysetup-profiler-bucket-allocator-granularity=16"
    "memorysetup-profiler-bucket-allocator-bucket-count=8"
    "memorysetup-profiler-bucket-allocator-block-size=33554432"
    "memorysetup-profiler-bucket-allocator-block-count=8"
    "memorysetup-profiler-allocator-block-size=16777216"
    "memorysetup-profiler-editor-allocator-block-size=1048576"
    "memorysetup-temp-allocator-size-main=16777216"
    "memorysetup-job-temp-allocator-block-size=2097152"
    "memorysetup-job-temp-allocator-block-size-background=1048576"
    "memorysetup-job-temp-allocator-reduction-small-platforms=262144"
    "memorysetup-temp-allocator-size-background-worker=32768"
    "memorysetup-temp-allocator-size-job-worker=262144"
    "memorysetup-temp-allocator-size-preload-manager=33554432"
    "memorysetup-temp-allocator-size-nav-mesh-worker=65536"
    "memorysetup-temp-allocator-size-audio-worker=65536"
    "memorysetup-temp-allocator-size-cloud-worker=32768"
    "memorysetup-temp-allocator-size-gi-baking-worker=262144"
    "memorysetup-temp-allocator-size-gfx=262144"
Player connection [24736] Host "[IP] 192.168.0.107 [Port] 0 [Flags] 2 [Guid] 1273820663 [EditorId] 1273820663 [Version] 1048832 [Id] WindowsEditor(7,DESKTOP-DKQNG45) [Debug] 1 [PackageName] WindowsEditor [ProjectName] Editor" joined multi-casting on [225.0.0.222:54997]...

Player connection [24736] Host "[IP] 192.168.0.107 [Port] 0 [Flags] 2 [Guid] 1273820663 [EditorId] 1273820663 [Version] 1048832 [Id] WindowsEditor(7,DESKTOP-DKQNG45) [Debug] 1 [PackageName] WindowsEditor [ProjectName] Editor" joined alternative multi-casting on [225.0.0.222:34997]...

Refreshing native plugins compatible for Editor in 51.45 ms, found 4 plugins.
Preloading 0 native plugins for Editor in 0.00 ms.
Initialize engine version: 2021.3.24f1 (cf10dcf7010d)
[Subsystems] Discovering subsystems at path D:/Unity/2021.3.24f1/Editor/Data/Resources/UnitySubsystems
[Subsystems] Discovering subsystems at path C:/Users/stalk/OneDrive/Рабочий стол/hover-racer-training-master/Assets
GfxDevice: creating device client; threaded=0; jobified=0
Direct3D:
    Version:  Direct3D 11.0 [level 11.1]
    Renderer: NVIDIA GeForce GTX 1650 Ti (ID=0x1f95)
    Vendor:   NVIDIA
    VRAM:     3949 MB
    Driver:   31.0.15.3118
Initialize mono
Mono path[0] = 'D:/Unity/2021.3.24f1/Editor/Data/Managed'
Mono path[1] = 'D:/Unity/2021.3.24f1/Editor/Data/MonoBleedingEdge/lib/mono/unityjit-win32'
Mono config path = 'D:/Unity/2021.3.24f1/Editor/Data/MonoBleedingEdge/etc'
Using monoOptions --debugger-agent=transport=dt_socket,embedding=1,server=y,suspend=n,address=127.0.0.1:56240
Begin MonoManager ReloadAssembly
Registering precompiled unity dll's ...
Register platform support module: D:/Unity/2021.3.24f1/Editor/Data/PlaybackEngines/WebGLSupport/UnityEditor.WebGL.Extensions.dll
Register platform support module: D:/Unity/2021.3.24f1/Editor/Data/PlaybackEngines/AndroidPlayer/UnityEditor.Android.Extensions.dll
Register platform support module: D:/Unity/2021.3.24f1/Editor/Data/PlaybackEngines/WindowsStandaloneSupport/UnityEditor.WindowsStandalone.Extensions.dll
Registered in 0.007044 seconds.
Native extension for WindowsStandalone target not found
Native extension for Android target not found
Android Extension - Scanning For ADB Devices 315 ms
Native extension for WebGL target not found
Refreshing native plugins compatible for Editor in 53.55 ms, found 4 plugins.
Preloading 0 native plugins for Editor in 0.00 ms.
Mono: successfully reloaded assembly
- Completed reload, in  1.222 seconds
Domain Reload Profiling:
	ReloadAssembly (1223ms)
		BeginReloadAssembly (130ms)
			ExecutionOrderSort (0ms)
			DisableScriptedObjects (0ms)
			BackupInstance (0ms)
			ReleaseScriptingObjects (0ms)
			CreateAndSetChildDomain (1ms)
		EndReloadAssembly (956ms)
			LoadAssemblies (128ms)
			RebuildTransferFunctionScriptingTraits (0ms)
			SetupTypeCache (173ms)
			ReleaseScriptCaches (0ms)
			RebuildScriptCaches (48ms)
			SetupLoadedEditorAssemblies (666ms)
				LogAssemblyErrors (0ms)
				InitializePlatformSupportModulesInManaged (413ms)
				SetLoadedEditorAssemblies (0ms)
				RefreshPlugins (54ms)
				BeforeProcessingInitializeOnLoad (2ms)
				ProcessInitializeOnLoadAttributes (136ms)
				ProcessInitializeOnLoadMethodAttributes (60ms)
				AfterProcessingInitializeOnLoad (0ms)
				EditorAssembliesLoaded (0ms)
			ExecutionOrderSort2 (0ms)
			AwakeInstancesAfterBackupRestoration (0ms)
Platform modules already initialized, skipping
Registering precompiled user dll's ...
Registered in 0.007694 seconds.
Begin MonoManager ReloadAssembly
Native extension for WindowsStandalone target not found
Native extension for Android target not found
Native extension for WebGL target not found
Refreshing native plugins compatible for Editor in 0.97 ms, found 4 plugins.
Preloading 0 native plugins for Editor in 0.00 ms.
Mono: successfully reloaded assembly
- Completed reload, in  3.655 seconds
Domain Reload Profiling:
	ReloadAssembly (3656ms)
		BeginReloadAssembly (185ms)
			ExecutionOrderSort (0ms)
			DisableScriptedObjects (8ms)
			BackupInstance (0ms)
			ReleaseScriptingObjects (0ms)
			CreateAndSetChildDomain (30ms)
		EndReloadAssembly (3294ms)
			LoadAssemblies (131ms)
			RebuildTransferFunctionScriptingTraits (0ms)
			SetupTypeCache (329ms)
			ReleaseScriptCaches (1ms)
			RebuildScriptCaches (99ms)
			SetupLoadedEditorAssemblies (2683ms)
				LogAssemblyErrors (0ms)
				InitializePlatformSupportModulesInManaged (26ms)
				SetLoadedEditorAssemblies (0ms)
				RefreshPlugins (1ms)
				BeforeProcessingInitializeOnLoad (141ms)
				ProcessInitializeOnLoadAttributes (2392ms)
				ProcessInitializeOnLoadMethodAttributes (114ms)
				AfterProcessingInitializeOnLoad (7ms)
				EditorAssembliesLoaded (0ms)
			ExecutionOrderSort2 (0ms)
			AwakeInstancesAfterBackupRestoration (7ms)
Platform modules already initialized, skipping
========================================================================
Worker process is ready to serve import requests
Launched and connected shader compiler UnityShaderCompiler.exe after 0.05 seconds
Refreshing native plugins compatible for Editor in 1.05 ms, found 4 plugins.
Preloading 0 native plugins for Editor in 0.00 ms.
Unloading 2390 Unused Serialized files (Serialized files now loaded: 0)
Unloading 70 unused Assets / (1.0 MB). Loaded Objects now: 2878.
Memory consumption went from 116.4 MB to 115.5 MB.
Total: 9.745300 ms (FindLiveObjects: 0.311300 ms CreateObjectMapping: 0.255700 ms MarkObjects: 8.812500 ms  DeleteObjects: 0.363900 ms)

AssetImportParameters requested are different than current active one (requested -> active):
  custom:video-decoder-ogg-theora: a1e56fd34408186e4bbccfd4996cb3dc -> 
  custom:container-muxer-webm: aa71ff27fc2769a1b78a27578f13a17b -> 
  custom:container-demuxer-webm: 4f35f7cbe854078d1ac9338744f61a02 -> 
  custom:video-encoder-webm-vp8: eb34c28f22e8b96e1ab97ce403110664 -> 
  custom:audio-encoder-webm-vorbis: bf7c407c2cedff20999df2af8eb42d56 -> 
  custom:framework-win-MediaFoundation: 216162199b28c13a410421893ffa2e32 -> 
  custom:container-demuxer-ogg: 62fdf1f143b41e24485cea50d1cbac27 -> 
  custom:video-decoder-webm-vp8: 9c59270c3fd7afecdb556c50c9e8de78 -> 
  custom:audio-decoder-ogg-vorbis: bf7c407c2cedff20999df2af8eb42d56 -> 
========================================================================
Received Import Request.
  Time since last request: 242288.758814 seconds.
  path: Assets/_TerrainAutoUpgrade/layer_Sand_CSand_N3d3aba195e4d26ee.terrainlayer
  artifactKey: Guid(a1f3cc4d17d1f684c85d3a7b283bb96b) Importer(815301076,1909f56bfc062723c751e8b465ee728b)
Start importing Assets/_TerrainAutoUpgrade/layer_Sand_CSand_N3d3aba195e4d26ee.terrainlayer using Guid(a1f3cc4d17d1f684c85d3a7b283bb96b) Importer(815301076,1909f56bfc062723c751e8b465ee728b)  -> (artifact id: 'd8e63ee3477dacfb528ac4b445627edd') in 0.197778 seconds 
========================================================================
Received Import Request.
  Time since last request: 10.633843 seconds.
  path: Assets/Assets/VFX/Particle Materials/Sparks.mat
  artifactKey: Guid(fcca2d2ba8a8d1e4bb93dc86d71e9b8e) Importer(815301076,1909f56bfc062723c751e8b465ee728b)
Start importing Assets/Assets/VFX/Particle Materials/Sparks.mat using Guid(fcca2d2ba8a8d1e4bb93dc86d71e9b8e) Importer(815301076,1909f56bfc062723c751e8b465ee728b)  -> (artifact id: '36298e260a9a60f3c88e1ec19fe2aaf9') in 0.051259 seconds 
========================================================================
Received Import Request.
  Time since last request: 51.935431 seconds.
  path: Assets/Assets/Prefabs/VFX/Ship VFX.prefab
  artifactKey: Guid(91a491030d02c1344967d9d4db23e489) Importer(815301076,1909f56bfc062723c751e8b465ee728b)
Start importing Assets/Assets/Prefabs/VFX/Ship VFX.prefab using Guid(91a491030d02c1344967d9d4db23e489) Importer(815301076,1909f56bfc062723c751e8b465ee728b)  -> (artifact id: '9ea88989128562bd0c08d3ffd7a2c051') in 0.066002 seconds 
========================================================================
Received Import Request.
  Time since last request: 22.187573 seconds.
  path: Assets/Assets/Models/BoostPad.fbx
  artifactKey: Guid(cf7c86bbd9bb069478351d80875edeca) Importer(815301076,1909f56bfc062723c751e8b465ee728b)
Start importing Assets/Assets/Models/BoostPad.fbx using Guid(cf7c86bbd9bb069478351d80875edeca) Importer(815301076,1909f56bfc062723c751e8b465ee728b)  -> (artifact id: '6f3a30ecbe6933a1655c84029aa7de02') in 0.264080 seconds 
========================================================================
Received Import Request.
  Time since last request: 0.000023 seconds.
  path: Assets/Assets/Models/Post_02.FBX
  artifactKey: Guid(a6887fc73786b4d4ba49065e74e6fdfd) Importer(815301076,1909f56bfc062723c751e8b465ee728b)
Start importing Assets/Assets/Models/Post_02.FBX using Guid(a6887fc73786b4d4ba49065e74e6fdfd) Importer(815301076,1909f56bfc062723c751e8b465ee728b)  -> (artifact id: 'd46eccd305664cf603a3eb2400e9c265') in 0.080024 seconds 
========================================================================
Received Import Request.
  Time since last request: 0.000040 seconds.
  path: Assets/Assets/Models/Bush_01.FBX
  artifactKey: Guid(a6d0b4c044235a449815153418ef2c60) Importer(815301076,1909f56bfc062723c751e8b465ee728b)
Start importing Assets/Assets/Models/Bush_01.FBX using Guid(a6d0b4c044235a449815153418ef2c60) Importer(815301076,1909f56bfc062723c751e8b465ee728b)  -> (artifact id: 'ab2b50eebc9d3b6571236d136aef74b8') in 0.037049 seconds 
========================================================================
Received Import Request.
  Time since last request: 0.000024 seconds.
  path: Assets/Assets/Models/FrameLarge_04.FBX
  artifactKey: Guid(462864c314bdc854c8f2419b40d3e429) Importer(815301076,1909f56bfc062723c751e8b465ee728b)
Start importing Assets/Assets/Models/FrameLarge_04.FBX using Guid(462864c314bdc854c8f2419b40d3e429) Importer(815301076,1909f56bfc062723c751e8b465ee728b)  -> (artifact id: '1e20356d1fd95dad6b8f1aeb398546d4') in 0.059552 seconds 
========================================================================
Received Import Request.
  Time since last request: 0.000019 seconds.
  path: Assets/Assets/Models/Mesa_Long.FBX
  artifactKey: Guid(a38dd5a427b0cd344a9bea3fdcfcc02f) Importer(815301076,1909f56bfc062723c751e8b465ee728b)
Start importing Assets/Assets/Models/Mesa_Long.FBX using Guid(a38dd5a427b0cd344a9bea3fdcfcc02f) Importer(815301076,1909f56bfc062723c751e8b465ee728b)  -> (artifact id: 'e2e2204c246968bbfaa24dacd08ddc38') in 0.024585 seconds 
========================================================================
Received Import Request.
  Time since last request: 0.000022 seconds.
  path: Assets/Assets/Models/Frame.fbx
  artifactKey: Guid(fd1d317572da03541aff44d2bd0abf76) Importer(815301076,1909f56bfc062723c751e8b465ee728b)
Start importing Assets/Assets/Models/Frame.fbx using Guid(fd1d317572da03541aff44d2bd0abf76) Importer(815301076,1909f56bfc062723c751e8b465ee728b)  -> (artifact id: '9c24b0645b8e258570c4ebb1bcd3f868') in 0.043359 seconds 
========================================================================
Received Import Request.
  Time since last request: 1.086877 seconds.
  path: Assets/Assets/Fonts/WUN-ShipUI-SDF.asset
  artifactKey: Guid(d1c50f5b5952c4023ad24ddd60b8e761) Importer(815301076,1909f56bfc062723c751e8b465ee728b)
Start importing Assets/Assets/Fonts/WUN-ShipUI-SDF.asset using Guid(d1c50f5b5952c4023ad24ddd60b8e761) Importer(815301076,1909f56bfc062723c751e8b465ee728b)  -> (artifact id: '1a9617d73826dc8fda06b2fefda93983') in 0.258939 seconds 
========================================================================
Received Import Request.
  Time since last request: 1.089071 seconds.
  path: Assets/Assets/Models/RoadCollider.fbx
  artifactKey: Guid(ab1481129e4bf4044bd8cfe0f1ff2361) Importer(815301076,1909f56bfc062723c751e8b465ee728b)
Start importing Assets/Assets/Models/RoadCollider.fbx using Guid(ab1481129e4bf4044bd8cfe0f1ff2361) Importer(815301076,1909f56bfc062723c751e8b465ee728b)  -> (artifact id: 'dd2624785f7f5ba23223585755b5bef6') in 0.035932 seconds 
========================================================================
Received Import Request.
  Time since last request: 0.000021 seconds.
  path: Assets/Assets/Models/Rock_01.FBX
  artifactKey: Guid(e6aa5b00913a8cf438915c65cd5ff472) Importer(815301076,1909f56bfc062723c751e8b465ee728b)
Start importing Assets/Assets/Models/Rock_01.FBX using Guid(e6aa5b00913a8cf438915c65cd5ff472) Importer(815301076,1909f56bfc062723c751e8b465ee728b)  -> (artifact id: '0c5ea11ce189353b1d00a1d4ec212b92') in 0.043203 seconds 
========================================================================
Received Import Request.
  Time since last request: 0.000050 seconds.
  path: Assets/Assets/Models/Rock_02.FBX
  artifactKey: Guid(ab7fb83e3c6d3404eb3e3c89f33ad150) Importer(815301076,1909f56bfc062723c751e8b465ee728b)
Start importing Assets/Assets/Models/Rock_02.FBX using Guid(ab7fb83e3c6d3404eb3e3c89f33ad150) Importer(815301076,1909f56bfc062723c751e8b465ee728b)  -> (artifact id: '683064b14637143b8843cf4fcf362283') in 0.035263 seconds 
========================================================================
Received Import Request.
  Time since last request: 0.000032 seconds.
  path: Assets/Assets/Models/Skyline_Full.FBX
  artifactKey: Guid(460226d54ec3680499687a1b4fbf4609) Importer(815301076,1909f56bfc062723c751e8b465ee728b)
Start importing Assets/Assets/Models/Skyline_Full.FBX using Guid(460226d54ec3680499687a1b4fbf4609) Importer(815301076,1909f56bfc062723c751e8b465ee728b)  -> (artifact id: '6c7ab4cc4a7feaeed750a4251e72a439') in 0.025721 seconds 
========================================================================
Received Import Request.
  Time since last request: 0.000019 seconds.
  path: Assets/Assets/Models/Rock_05.FBX
  artifactKey: Guid(0fc086021c7e0ba4ea38f594bed6b036) Importer(815301076,1909f56bfc062723c751e8b465ee728b)
Start importing Assets/Assets/Models/Rock_05.FBX using Guid(0fc086021c7e0ba4ea38f594bed6b036) Importer(815301076,1909f56bfc062723c751e8b465ee728b)  -> (artifact id: 'db9bece63c5c74a61c0d8a4db22e736b') in 0.040867 seconds 
